<?xml version="1.0" encoding="UTF-8"?>
<testsuite xmlns:xsi="http://www.w3.org/2001/XMLSchema-instance" xsi:noNamespaceSchemaLocation="https://maven.apache.org/surefire/maven-surefire-plugin/xsd/surefire-test-report-3.0.xsd" version="3.0" name="com.api.product.ProductApplicationTests" time="5.971" tests="1" errors="0" skipped="0" failures="0">
  <properties>
[...]
</properties>
  <testcase name="contextLoads" classname="com.api.product.ProductApplicationTests" time="0.408">
    <system-out><![CDATA[06:18:22.209 [main] INFO org.springframework.test.context.support.AnnotationConfigContextLoaderUtils -- Could not detect default configuration classes for test class [com.api.product.ProductApplicationTests]: ProductApplicationTests does not declare any static, non-private, non-final, nested classes annotated with @Configuration.
06:18:22.330 [main] INFO org.springframework.boot.test.context.SpringBootTestContextBootstrapper -- Found @SpringBootConfiguration com.api.product.ProductApplication for test class com.api.product.ProductApplicationTests
06:18:22.541 [main] INFO org.springframework.boot.devtools.restart.RestartApplicationListener -- Restart disabled due to context in which it is running

  .   ____          _            __ _ _
 /\\ / ___'_ __ _ _(_)_ __  __ _ \ \ \ \
( ( )\___ | '_ | '_| | '_ \/ _` | \ \ \ \
 \\/  ___)| |_)| | | | | || (_| |  ) ) ) )
  '  |____| .__|_| |_|_| |_\__, | / / / /
 =========|_|==============|___/=/_/_/_/

 :: Spring Boot ::                (v3.3.5)

2025-07-23T06:18:22.813+07:00  INFO 16168 --- [m4a1] [           main] c.api.product.ProductApplicationTests    : Starting ProductApplicationTests using Java 17.0.8 with PID 16168 (started by fritz in C:\Users\fritz\Desktop\Fritz\Project\IMS\product-management-api)
2025-07-23T06:18:22.815+07:00  INFO 16168 --- [m4a1] [           main] c.api.product.ProductApplicationTests    : No active profile set, falling back to 1 default profile: "default"
2025-07-23T06:18:23.522+07:00  INFO 16168 --- [m4a1] [           main] .s.d.r.c.RepositoryConfigurationDelegate : Bootstrapping Spring Data JPA repositories in DEFAULT mode.
2025-07-23T06:18:23.586+07:00  INFO 16168 --- [m4a1] [           main] .s.d.r.c.RepositoryConfigurationDelegate : Finished Spring Data repository scanning in 56 ms. Found 2 JPA repository interfaces.
2025-07-23T06:18:24.149+07:00  INFO 16168 --- [m4a1] [           main] o.hibernate.jpa.internal.util.LogHelper  : HHH000204: Processing PersistenceUnitInfo [name: default]
2025-07-23T06:18:24.215+07:00  INFO 16168 --- [m4a1] [           main] org.hibernate.Version                    : HHH000412: Hibernate ORM core version 6.5.3.Final
2025-07-23T06:18:24.260+07:00  INFO 16168 --- [m4a1] [           main] o.h.c.internal.RegionFactoryInitiator    : HHH000026: Second-level cache disabled
2025-07-23T06:18:24.615+07:00  INFO 16168 --- [m4a1] [           main] o.s.o.j.p.SpringPersistenceUnitInfo      : No LoadTimeWeaver setup: ignoring JPA class transformer
2025-07-23T06:18:24.652+07:00  INFO 16168 --- [m4a1] [           main] com.zaxxer.hikari.HikariDataSource       : HikariPool-1 - Starting...
2025-07-23T06:18:24.830+07:00  INFO 16168 --- [m4a1] [           main] com.zaxxer.hikari.pool.HikariPool        : HikariPool-1 - Added connection conn0: url=jdbc:h2:mem:m4a1DB user=ROOT
2025-07-23T06:18:24.831+07:00  INFO 16168 --- [m4a1] [           main] com.zaxxer.hikari.HikariDataSource       : HikariPool-1 - Start completed.
2025-07-23T06:18:24.853+07:00  WARN 16168 --- [m4a1] [           main] org.hibernate.orm.deprecation            : HHH90000025: H2Dialect does not need to be specified explicitly using 'hibernate.dialect' (remove the property setting and it will be selected by default)
2025-07-23T06:18:25.650+07:00  INFO 16168 --- [m4a1] [           main] o.h.e.t.j.p.i.JtaPlatformInitiator       : HHH000489: No JTA platform available (set 'hibernate.transaction.jta.platform' to enable JTA platform integration)
2025-07-23T06:18:25.692+07:00 DEBUG 16168 --- [m4a1] [           main] org.hibernate.SQL                        : create table products (id integer generated by default as identity, created_at timestamp(6), created_by bigint, deleted_at timestamp(6), deleted_by bigint, status varchar(255), updated_at timestamp(6), updated_by bigint, description varchar(255), name varchar(255), price numeric(38,2), primary key (id))
2025-07-23T06:18:25.699+07:00 DEBUG 16168 --- [m4a1] [           main] org.hibernate.SQL                        : create table users (id bigint generated by default as identity, created_at timestamp(6), created_by bigint, deleted_at timestamp(6), deleted_by bigint, status varchar(255), updated_at timestamp(6), updated_by bigint, password varchar(255), role varchar(255), username varchar(255), primary key (id))
2025-07-23T06:18:25.702+07:00  INFO 16168 --- [m4a1] [           main] j.LocalContainerEntityManagerFactoryBean : Initialized JPA EntityManagerFactory for persistence unit 'default'
2025-07-23T06:18:26.123+07:00  INFO 16168 --- [m4a1] [           main] eAuthenticationProviderManagerConfigurer : Global AuthenticationManager configured with AuthenticationProvider bean with name authenticationProvider
2025-07-23T06:18:26.124+07:00  WARN 16168 --- [m4a1] [           main] r$InitializeUserDetailsManagerConfigurer : Global AuthenticationManager configured with an AuthenticationProvider bean. UserDetailsService beans will not be used for username/password login. Consider removing the AuthenticationProvider bean. Alternatively, consider using the UserDetailsService in a manually instantiated DaoAuthenticationProvider.
2025-07-23T06:18:26.154+07:00  WARN 16168 --- [m4a1] [           main] JpaBaseConfiguration$JpaWebConfiguration : spring.jpa.open-in-view is enabled by default. Therefore, database queries may be performed during view rendering. Explicitly configure spring.jpa.open-in-view to disable this warning
2025-07-23T06:18:26.945+07:00  INFO 16168 --- [m4a1] [           main] o.s.b.a.h2.H2ConsoleAutoConfiguration    : H2 console available at '/h2-console'. Database available at 'jdbc:h2:mem:m4a1DB'
2025-07-23T06:18:27.016+07:00  INFO 16168 --- [m4a1] [           main] c.api.product.ProductApplicationTests    : Started ProductApplicationTests in 4.491 seconds (process running for 6.148)
2025-07-23T06:18:27.323+07:00 DEBUG 16168 --- [m4a1] [           main] org.hibernate.SQL                        : select count(*) from users ui1_0
2025-07-23T06:18:27.429+07:00 DEBUG 16168 --- [m4a1] [           main] org.hibernate.SQL                        : insert into users (created_at,created_by,deleted_at,deleted_by,password,role,status,updated_at,updated_by,username,id) values (?,?,?,?,?,?,?,?,?,?,default)
Database seeded successfully!
]]></system-out>
    <system-err><![CDATA[SLF4J(W): Class path contains multiple SLF4J providers.
SLF4J(W): Found provider [ch.qos.logback.classic.spi.LogbackServiceProvider@2362f559]
SLF4J(W): Found provider [org.apache.logging.slf4j.SLF4JServiceProvider@b2c9a9c]
SLF4J(W): See https://www.slf4j.org/codes.html#multiple_bindings for an explanation.
SLF4J(I): Actual provider is of type [ch.qos.logback.classic.spi.LogbackServiceProvider@2362f559]
]]></system-err>
  </testcase>
</testsuite>